E:\my_projects\E3D_game_engine\E3D\Debug\EGame.pdb
E:\my_projects\E3D_game_engine\E3D\EGame\Debug\cl.command.1.tlog
E:\my_projects\E3D_game_engine\E3D\EGame\Debug\CL.read.1.tlog
E:\my_projects\E3D_game_engine\E3D\EGame\Debug\CL.write.1.tlog
E:\MY_PROJECTS\E3D_GAME_ENGINE\E3D\EGAME\DEBUG\EAITANK.OBJ
E:\MY_PROJECTS\E3D_GAME_ENGINE\E3D\EGAME\DEBUG\EBULLET.OBJ
E:\MY_PROJECTS\E3D_GAME_ENGINE\E3D\EGAME\DEBUG\EGAME.EXE.EMBED.MANIFEST
E:\MY_PROJECTS\E3D_GAME_ENGINE\E3D\EGAME\DEBUG\EGAME.EXE.EMBED.MANIFEST.RES
E:\my_projects\E3D_game_engine\E3D\EGame\Debug\EGame.exe.intermediate.manifest
E:\MY_PROJECTS\E3D_GAME_ENGINE\E3D\EGAME\DEBUG\EGAME.OBJ
E:\MY_PROJECTS\E3D_GAME_ENGINE\E3D\EGAME\DEBUG\EGAME.RES
E:\my_projects\E3D_game_engine\E3D\EGame\Debug\EGame_manifest.rc
E:\MY_PROJECTS\E3D_GAME_ENGINE\E3D\EGAME\DEBUG\EGAMEMANAGER.OBJ
E:\MY_PROJECTS\E3D_GAME_ENGINE\E3D\EGAME\DEBUG\EPLAYERCONTROLLER.OBJ
E:\MY_PROJECTS\E3D_GAME_ENGINE\E3D\EGAME\DEBUG\ETANK.OBJ
E:\my_projects\E3D_game_engine\E3D\EGame\Debug\link.62896.read.1.tlog
E:\my_projects\E3D_game_engine\E3D\EGame\Debug\link.62896.write.1.tlog
E:\my_projects\E3D_game_engine\E3D\EGame\Debug\link.command.1.tlog
E:\my_projects\E3D_game_engine\E3D\EGame\Debug\link.read.1.tlog
E:\my_projects\E3D_game_engine\E3D\EGame\Debug\link.write.1.tlog
E:\my_projects\E3D_game_engine\E3D\EGame\Debug\link-cvtres.read.1.tlog
E:\my_projects\E3D_game_engine\E3D\EGame\Debug\link-cvtres.write.1.tlog
E:\my_projects\E3D_game_engine\E3D\EGame\Debug\mt.command.1.tlog
E:\my_projects\E3D_game_engine\E3D\EGame\Debug\mt.read.1.tlog
E:\my_projects\E3D_game_engine\E3D\EGame\Debug\mt.write.1.tlog
E:\my_projects\E3D_game_engine\E3D\EGame\Debug\rc.command.1.tlog
E:\my_projects\E3D_game_engine\E3D\EGame\Debug\rc.read.1.tlog
E:\my_projects\E3D_game_engine\E3D\EGame\Debug\rc.write.1.tlog
E:\my_projects\E3D_game_engine\E3D\EGame\Debug\vc100.idb
E:\MY_PROJECTS\E3D_GAME_ENGINE\E3D\EGAME\DEBUG\VC100.PDB
E:\MY_PROJECTS\E3D_GAME_ENGINE\E3D\EGAME\DEBUG\WINMAIN.OBJ
